0 info it worked if it ends with ok
1 verbose cli [ 'C:\\Program Files\\nodejs\\node.exe',
1 verbose cli   'C:\\Program Files\\nodejs\\node_modules\\npm\\bin\\npm-cli.js',
1 verbose cli   'run',
1 verbose cli   'build' ]
2 info using npm@3.10.8
3 info using node@v6.9.1
4 verbose run-script [ 'prebuild', 'build', 'postbuild' ]
5 info lifecycle channel-stream@1.0.0~prebuild: channel-stream@1.0.0
6 silly lifecycle channel-stream@1.0.0~prebuild: no script for prebuild, continuing
7 info lifecycle channel-stream@1.0.0~build: channel-stream@1.0.0
8 verbose lifecycle channel-stream@1.0.0~build: unsafe-perm in lifecycle true
9 verbose lifecycle channel-stream@1.0.0~build: PATH: C:\Program Files\nodejs\node_modules\npm\bin\node-gyp-bin;C:\Users\Trevor\Desktop\bootcamp\final-project-bootcamp\node_modules\.bin;C:\Users\Trevor\bin;C:\Program Files\Git\mingw64\bin;C:\Program Files\Git\usr\local\bin;C:\Program Files\Git\usr\bin;C:\Program Files\Git\usr\bin;C:\Program Files\Git\mingw64\bin;C:\Program Files\Git\usr\bin;C:\Users\Trevor\bin;C:\ProgramData\Oracle\Java\javapath;C:\Program Files (x86)\Intel\TXE Components\TCS;C:\Program Files\Intel\TXE Components\TCS;C:\WINDOWS\system32;C:\WINDOWS;C:\WINDOWS\System32\Wbem;C:\WINDOWS\System32\WindowsPowerShell\v1.0;C:\Program Files (x86)\QuickTime\QTSystem;C:\Program Files\Git\cmd;C:\Program Files (x86)\Heroku\bin;C:\Program Files (x86)\git\cmd;C:\Program Files (x86)\Git\cmd;C:\Program Files (x86)\Skype\Phone;C:\Program Files\MongoDB\Server\3.2\bin;C:\ProgramData\ComposerSetup\bin;C:\Program Files\nodejs;C:\ProgramData\Oracle\Java\javapath;C:\Program Files (x86)\Intel\TXE Components\TCS;C:\Program Files\Intel\TXE Components\TCS;C:\Windows\system32;C:\Windows;C:\Windows\System32\Wbem;C:\Windows\System32\WindowsPowerShell\v1.0;C:\Program Files (x86)\QuickTime\QTSystem;C:\Python27;C:\Users\Trevor\AppData\Local\Microsoft\WindowsApps;C:\xampp\php;C:\Users\Trevor\AppData\Roaming\Composer\vendor\bin;C:\Users\Trevor\AppData\Roaming\npm;C:\Program Files\Git\usr\bin\vendor_perl;C:\Program Files\Git\usr\bin\core_perl
10 verbose lifecycle channel-stream@1.0.0~build: CWD: C:\Users\Trevor\Desktop\bootcamp\final-project-bootcamp
11 silly lifecycle channel-stream@1.0.0~build: Args: [ '/d /s /c', 'babel src -d lib' ]
12 silly lifecycle channel-stream@1.0.0~build: Returned: code: 2  signal: null
13 info lifecycle channel-stream@1.0.0~build: Failed to exec build script
14 verbose stack Error: channel-stream@1.0.0 build: `babel src -d lib`
14 verbose stack Exit status 2
14 verbose stack     at EventEmitter.<anonymous> (C:\Program Files\nodejs\node_modules\npm\lib\utils\lifecycle.js:255:16)
14 verbose stack     at emitTwo (events.js:106:13)
14 verbose stack     at EventEmitter.emit (events.js:191:7)
14 verbose stack     at ChildProcess.<anonymous> (C:\Program Files\nodejs\node_modules\npm\lib\utils\spawn.js:40:14)
14 verbose stack     at emitTwo (events.js:106:13)
14 verbose stack     at ChildProcess.emit (events.js:191:7)
14 verbose stack     at maybeClose (internal/child_process.js:877:16)
14 verbose stack     at Process.ChildProcess._handle.onexit (internal/child_process.js:226:5)
15 verbose pkgid channel-stream@1.0.0
16 verbose cwd C:\Users\Trevor\Desktop\bootcamp\final-project-bootcamp
17 error Windows_NT 10.0.14393
18 error argv "C:\\Program Files\\nodejs\\node.exe" "C:\\Program Files\\nodejs\\node_modules\\npm\\bin\\npm-cli.js" "run" "build"
19 error node v6.9.1
20 error npm  v3.10.8
21 error code ELIFECYCLE
22 error channel-stream@1.0.0 build: `babel src -d lib`
22 error Exit status 2
23 error Failed at the channel-stream@1.0.0 build script 'babel src -d lib'.
23 error Make sure you have the latest version of node.js and npm installed.
23 error If you do, this is most likely a problem with the channel-stream package,
23 error not with npm itself.
23 error Tell the author that this fails on your system:
23 error     babel src -d lib
23 error You can get information on how to open an issue for this project with:
23 error     npm bugs channel-stream
23 error Or if that isn't available, you can get their info via:
23 error     npm owner ls channel-stream
23 error There is likely additional logging output above.
24 verbose exit [ 1, true ]
